  Ch05-1_Example.cpp
C:\Users\user\Downloads\CPPBasic\io.h(1,1): warning C4819: The file contains a character that cannot be represented in the current code page (949). Save the file in Unicode format to prevent data loss
C:\Users\user\Downloads\CPPBasic\Ch05-1_Example.cpp(9,14): error C2131: expression did not evaluate to a constant
C:\Users\user\Downloads\CPPBasic\Ch05-1_Example.cpp(9,14): message : failure was caused by a read of a variable outside its lifetime
C:\Users\user\Downloads\CPPBasic\Ch05-1_Example.cpp(9,14): message : see usage of 'Counter'
C:\Users\user\Downloads\CPPBasic\Ch05-1_Example.cpp(13,11): warning C4552: '>>': result of expression not used
C:\Users\user\Downloads\CPPBasic\Ch05-1_Example.cpp(42,14): error C2131: expression did not evaluate to a constant
C:\Users\user\Downloads\CPPBasic\Ch05-1_Example.cpp(42,14): message : failure was caused by a read of a variable outside its lifetime
C:\Users\user\Downloads\CPPBasic\Ch05-1_Example.cpp(42,14): message : see usage of 'Counter'
C:\Users\user\Downloads\CPPBasic\Ch05-1_Example.cpp(46,11): warning C4552: '>>': result of expression not used
C:\Users\user\Downloads\CPPBasic\Ch05-1_Example.cpp(53,27): warning C4552: '<<': result of expression not used
C:\Users\user\Downloads\CPPBasic\Ch05-1_Example.cpp(69,19): error C2131: expression did not evaluate to a constant
C:\Users\user\Downloads\CPPBasic\Ch05-1_Example.cpp(69,19): message : failure was caused by a read of a variable outside its lifetime
C:\Users\user\Downloads\CPPBasic\Ch05-1_Example.cpp(69,19): message : see usage of 'Counter'
C:\Users\user\Downloads\CPPBasic\Ch05-1_Example.cpp(72,22): error C3863: array type 'int [Counter]' is not assignable
C:\Users\user\Downloads\CPPBasic\Ch05-1_Example.cpp(76,26): error C2131: expression did not evaluate to a constant
C:\Users\user\Downloads\CPPBasic\Ch05-1_Example.cpp(76,18): message : failure was caused by a read of a variable outside its lifetime
C:\Users\user\Downloads\CPPBasic\Ch05-1_Example.cpp(76,18): message : see usage of 'Counter'
C:\Users\user\Downloads\CPPBasic\Ch05-1_Example.cpp(79,11): warning C4552: '>>': result of expression not used
C:\Users\user\Downloads\CPPBasic\Ch05-1_Example.cpp(83,14): error C2131: expression did not evaluate to a constant
C:\Users\user\Downloads\CPPBasic\Ch05-1_Example.cpp(83,14): message : failure was caused by a read of a variable outside its lifetime
C:\Users\user\Downloads\CPPBasic\Ch05-1_Example.cpp(83,14): message : see usage of 'Counter'
C:\Users\user\Downloads\CPPBasic\Ch05-1_Example.cpp(86,16): error C3863: array type 'bool [Counter]' is not assignable
C:\Users\user\Downloads\CPPBasic\Ch05-1_Example.cpp(96,20): error C3863: array type 'bool [Counter]' is not assignable
  Ch06-1_Example.cpp
C:\Users\user\Downloads\CPPBasic\io.h(1,1): warning C4819: The file contains a character that cannot be represented in the current code page (949). Save the file in Unicode format to prevent data loss
C:\Users\user\Downloads\CPPBasic\Ch06-1_Example.cpp(29,13): error C2131: expression did not evaluate to a constant
C:\Users\user\Downloads\CPPBasic\Ch06-1_Example.cpp(29,13): message : failure was caused by a read of a variable outside its lifetime
C:\Users\user\Downloads\CPPBasic\Ch06-1_Example.cpp(29,13): message : see usage of 'AlphaSize'
C:\Users\user\Downloads\CPPBasic\Ch06-1_Example.cpp(32,16): error C3863: array type 'int [AlphaSize]' is not assignable
C:\Users\user\Downloads\CPPBasic\Ch06-1_Example.cpp(43,24): error C3863: array type 'int [AlphaSize]' is not assignable
C:\Users\user\Downloads\CPPBasic\Ch06-1_Example.cpp(51,24): warning C4552: '<<': result of expression not used
  Generating Code...
